# JRE version: Java(TM) SE Runtime Environment 18.9 (11.0.15+8) (build 11.0.15+8-LTS-149)
# Java VM: Java HotSpot(TM) 64-Bit Server VM 18.9 (11.0.15+8-LTS-149, mixed mode, tiered, compressed oops, g1 gc, windows-amd64)
Heap:
 garbage-first heap   total 143360K, used 45787K [0x0000000082e00000, 0x0000000100000000)
  region size 1024K, 18 young (18432K), 10 survivors (10240K)
 Metaspace       used 46345K, capacity 47890K, committed 48080K, reserved 1091584K
  class space    used 5724K, capacity 6335K, committed 6400K, reserved 1048576K
GC Heap History (10 events):
Event: 3.490 GC heap before
{Heap before GC invocations=2 (full 0):
 garbage-first heap   total 129024K, used 20605K [0x0000000082e00000, 0x0000000100000000)
  region size 1024K, 16 young (16384K), 2 survivors (2048K)
 Metaspace       used 20496K, capacity 21183K, committed 21296K, reserved 1069056K
  class space    used 2400K, capacity 2664K, committed 2688K, reserved 1048576K
}
Event: 3.492 GC heap after
{Heap after GC invocations=3 (full 0):
 garbage-first heap   total 129024K, used 8832K [0x0000000082e00000, 0x0000000100000000)
  region size 1024K, 2 young (2048K), 2 survivors (2048K)
 Metaspace       used 20496K, capacity 21183K, committed 21296K, reserved 1069056K
  class space    used 2400K, capacity 2664K, committed 2688K, reserved 1048576K
}
Event: 4.249 GC heap before
{Heap before GC invocations=4 (full 0):
 garbage-first heap   total 129024K, used 66176K [0x0000000082e00000, 0x0000000100000000)
  region size 1024K, 59 young (60416K), 2 survivors (2048K)
 Metaspace       used 26259K, capacity 27286K, committed 27520K, reserved 1073152K
  class space    used 3198K, capacity 3637K, committed 3712K, reserved 1048576K
}
Event: 4.253 GC heap after
{Heap after GC invocations=5 (full 0):
 garbage-first heap   total 129024K, used 11076K [0x0000000082e00000, 0x0000000100000000)
  region size 1024K, 4 young (4096K), 4 survivors (4096K)
 Metaspace       used 26259K, capacity 27286K, committed 27520K, reserved 1073152K
  class space    used 3198K, capacity 3637K, committed 3712K, reserved 1048576K
}
Event: 5.329 GC heap before
{Heap before GC invocations=5 (full 0):
 garbage-first heap   total 129024K, used 77636K [0x0000000082e00000, 0x0000000100000000)
  region size 1024K, 69 young (70656K), 4 survivors (4096K)
 Metaspace       used 32366K, capacity 33467K, committed 33792K, reserved 1079296K
  class space    used 4026K, capacity 4507K, committed 4608K, reserved 1048576K
}
Event: 5.335 GC heap after
{Heap after GC invocations=6 (full 0):
 garbage-first heap   total 129024K, used 14559K [0x0000000082e00000, 0x0000000100000000)
  region size 1024K, 8 young (8192K), 8 survivors (8192K)
 Metaspace       used 32366K, capacity 33467K, committed 33792K, reserved 1079296K
  class space    used 4026K, capacity 4507K, committed 4608K, reserved 1048576K
}
Event: 5.803 GC heap before
{Heap before GC invocations=6 (full 0):
 garbage-first heap   total 129024K, used 28895K [0x0000000082e00000, 0x0000000100000000)
  region size 1024K, 23 young (23552K), 8 survivors (8192K)
 Metaspace       used 34804K, capacity 35965K, committed 36048K, reserved 1081344K
  class space    used 4323K, capacity 4851K, committed 4864K, reserved 1048576K
}
Event: 5.810 GC heap after
{Heap after GC invocations=7 (full 0):
 garbage-first heap   total 129024K, used 17039K [0x0000000082e00000, 0x0000000100000000)
  region size 1024K, 7 young (7168K), 7 survivors (7168K)
 Metaspace       used 34804K, capacity 35965K, committed 36048K, reserved 1081344K
  class space    used 4323K, capacity 4851K, committed 4864K, reserved 1048576K
}
Event: 6.643 GC heap before
{Heap before GC invocations=8 (full 0):
 garbage-first heap   total 129024K, used 86671K [0x0000000082e00000, 0x0000000100000000)
  region size 1024K, 75 young (76800K), 7 survivors (7168K)
 Metaspace       used 41492K, capacity 42856K, committed 43088K, reserved 1087488K
  class space    used 5178K, capacity 5730K, committed 5760K, reserved 1048576K
}
Event: 6.650 GC heap after
{Heap after GC invocations=9 (full 0):
 garbage-first heap   total 129024K, used 21093K [0x0000000082e00000, 0x0000000100000000)
  region size 1024K, 7 young (7168K), 7 survivors (7168K)
 Metaspace       used 41492K, capacity 42856K, committed 43088K, reserved 1087488K
  class space    used 5178K, capacity 5730K, committed 5760K, reserved 1048576K
}

