# JRE version: Java(TM) SE Runtime Environment 18.9 (11.0.15+8) (build 11.0.15+8-LTS-149)
# Java VM: Java HotSpot(TM) 64-Bit Server VM 18.9 (11.0.15+8-LTS-149, mixed mode, tiered, compressed oops, g1 gc, windows-amd64)
Heap:
 garbage-first heap   total 129024K, used 51153K [0x0000000082e00000, 0x0000000100000000)
  region size 1024K, 13 young (13312K), 2 survivors (2048K)
 Metaspace       used 47192K, capacity 48687K, committed 48888K, reserved 1091584K
  class space    used 5741K, capacity 6368K, committed 6476K, reserved 1048576K
GC Heap History (10 events):
Event: 4.000 GC heap before
{Heap before GC invocations=8 (full 0):
 garbage-first heap   total 129024K, used 78458K [0x0000000082e00000, 0x0000000100000000)
  region size 1024K, 66 young (67584K), 5 survivors (5120K)
 Metaspace       used 40742K, capacity 42091K, committed 42360K, reserved 1085440K
  class space    used 4980K, capacity 5541K, committed 5580K, reserved 1048576K
}
Event: 4.004 GC heap after
{Heap after GC invocations=9 (full 0):
 garbage-first heap   total 129024K, used 19237K [0x0000000082e00000, 0x0000000100000000)
  region size 1024K, 9 young (9216K), 9 survivors (9216K)
 Metaspace       used 40742K, capacity 42091K, committed 42360K, reserved 1085440K
  class space    used 4980K, capacity 5541K, committed 5580K, reserved 1048576K
}
Event: 4.693 GC heap before
{Heap before GC invocations=9 (full 0):
 garbage-first heap   total 129024K, used 107301K [0x0000000082e00000, 0x0000000100000000)
  region size 1024K, 71 young (72704K), 9 survivors (9216K)
 Metaspace       used 45749K, capacity 47278K, committed 47480K, reserved 1091584K
  class space    used 5611K, capacity 6220K, committed 6348K, reserved 1048576K
}
Event: 4.700 GC heap after
{Heap after GC invocations=10 (full 0):
 garbage-first heap   total 129024K, used 49513K [0x0000000082e00000, 0x0000000100000000)
  region size 1024K, 9 young (9216K), 9 survivors (9216K)
 Metaspace       used 45749K, capacity 47278K, committed 47480K, reserved 1091584K
  class space    used 5611K, capacity 6220K, committed 6348K, reserved 1048576K
}
Event: 5.525 GC heap before
{Heap before GC invocations=10 (full 0):
 garbage-first heap   total 129024K, used 109929K [0x0000000082e00000, 0x0000000100000000)
  region size 1024K, 53 young (54272K), 9 survivors (9216K)
 Metaspace       used 47248K, capacity 48780K, committed 48888K, reserved 1091584K
  class space    used 5758K, capacity 6399K, committed 6476K, reserved 1048576K
}
Event: 5.530 GC heap after
{Heap after GC invocations=11 (full 0):
 garbage-first heap   total 129024K, used 42306K [0x0000000082e00000, 0x0000000100000000)
  region size 1024K, 2 young (2048K), 2 survivors (2048K)
 Metaspace       used 47248K, capacity 48780K, committed 48888K, reserved 1091584K
  class space    used 5758K, capacity 6399K, committed 6476K, reserved 1048576K
}
Event: 7.034 GC heap before
{Heap before GC invocations=12 (full 0):
 garbage-first heap   total 129024K, used 94530K [0x0000000082e00000, 0x0000000100000000)
  region size 1024K, 38 young (38912K), 2 survivors (2048K)
 Metaspace       used 47252K, capacity 48786K, committed 48888K, reserved 1091584K
  class space    used 5759K, capacity 6400K, committed 6476K, reserved 1048576K
}
Event: 7.037 GC heap after
{Heap after GC invocations=13 (full 0):
 garbage-first heap   total 129024K, used 39879K [0x0000000082e00000, 0x0000000100000000)
  region size 1024K, 2 young (2048K), 2 survivors (2048K)
 Metaspace       used 47252K, capacity 48786K, committed 48888K, reserved 1091584K
  class space    used 5759K, capacity 6400K, committed 6476K, reserved 1048576K
}
Event: 8.498 GC heap before
{Heap before GC invocations=14 (full 0):
 garbage-first heap   total 129024K, used 81863K [0x0000000082e00000, 0x0000000100000000)
  region size 1024K, 27 young (27648K), 2 survivors (2048K)
 Metaspace       used 47191K, capacity 48687K, committed 48888K, reserved 1091584K
  class space    used 5741K, capacity 6368K, committed 6476K, reserved 1048576K
}
Event: 8.499 GC heap after
{Heap after GC invocations=15 (full 0):
 garbage-first heap   total 129024K, used 33745K [0x0000000082e00000, 0x0000000100000000)
  region size 1024K, 2 young (2048K), 2 survivors (2048K)
 Metaspace       used 47191K, capacity 48687K, committed 48888K, reserved 1091584K
  class space    used 5741K, capacity 6368K, committed 6476K, reserved 1048576K
}

