# JRE version: Java(TM) SE Runtime Environment 18.9 (11.0.15+8) (build 11.0.15+8-LTS-149)
# Java VM: Java HotSpot(TM) 64-Bit Server VM 18.9 (11.0.15+8-LTS-149, mixed mode, tiered, compressed oops, g1 gc, windows-amd64)
Heap:
 garbage-first heap   total 133120K, used 38261K [0x0000000082e00000, 0x0000000100000000)
  region size 1024K, 13 young (13312K), 10 survivors (10240K)
 Metaspace       used 46322K, capacity 47843K, committed 48128K, reserved 1091584K
  class space    used 5713K, capacity 6364K, committed 6400K, reserved 1048576K
GC Heap History (10 events):
Event: 1.534 GC heap before
{Heap before GC invocations=2 (full 0):
 garbage-first heap   total 129024K, used 30875K [0x0000000082e00000, 0x0000000100000000)
  region size 1024K, 26 young (26624K), 1 survivors (1024K)
 Metaspace       used 20449K, capacity 21098K, committed 21248K, reserved 1067008K
  class space    used 2405K, capacity 2700K, committed 2816K, reserved 1048576K
}
Event: 1.536 GC heap after
{Heap after GC invocations=3 (full 0):
 garbage-first heap   total 129024K, used 8722K [0x0000000082e00000, 0x0000000100000000)
  region size 1024K, 2 young (2048K), 2 survivors (2048K)
 Metaspace       used 20449K, capacity 21098K, committed 21248K, reserved 1067008K
  class space    used 2405K, capacity 2700K, committed 2816K, reserved 1048576K
}
Event: 2.415 GC heap before
{Heap before GC invocations=4 (full 0):
 garbage-first heap   total 129024K, used 50706K [0x0000000082e00000, 0x0000000100000000)
  region size 1024K, 43 young (44032K), 2 survivors (2048K)
 Metaspace       used 25108K, capacity 25949K, committed 26240K, reserved 1073152K
  class space    used 3027K, capacity 3407K, committed 3456K, reserved 1048576K
}
Event: 2.420 GC heap after
{Heap after GC invocations=5 (full 0):
 garbage-first heap   total 129024K, used 10807K [0x0000000082e00000, 0x0000000100000000)
  region size 1024K, 4 young (4096K), 4 survivors (4096K)
 Metaspace       used 25108K, capacity 25949K, committed 26240K, reserved 1073152K
  class space    used 3027K, capacity 3407K, committed 3456K, reserved 1048576K
}
Event: 2.891 GC heap before
{Heap before GC invocations=5 (full 0):
 garbage-first heap   total 129024K, used 64055K [0x0000000082e00000, 0x0000000100000000)
  region size 1024K, 56 young (57344K), 4 survivors (4096K)
 Metaspace       used 30534K, capacity 31653K, committed 31744K, reserved 1077248K
  class space    used 3797K, capacity 4285K, committed 4352K, reserved 1048576K
}
Event: 2.895 GC heap after
{Heap after GC invocations=6 (full 0):
 garbage-first heap   total 129024K, used 13630K [0x0000000082e00000, 0x0000000100000000)
  region size 1024K, 7 young (7168K), 7 survivors (7168K)
 Metaspace       used 30534K, capacity 31653K, committed 31744K, reserved 1077248K
  class space    used 3797K, capacity 4285K, committed 4352K, reserved 1048576K
}
Event: 3.550 GC heap before
{Heap before GC invocations=6 (full 0):
 garbage-first heap   total 129024K, used 55614K [0x0000000082e00000, 0x0000000100000000)
  region size 1024K, 49 young (50176K), 7 survivors (7168K)
 Metaspace       used 34613K, capacity 35709K, committed 35840K, reserved 1081344K
  class space    used 4297K, capacity 4787K, committed 4864K, reserved 1048576K
}
Event: 3.557 GC heap after
{Heap after GC invocations=7 (full 0):
 garbage-first heap   total 129024K, used 16370K [0x0000000082e00000, 0x0000000100000000)
  region size 1024K, 7 young (7168K), 7 survivors (7168K)
 Metaspace       used 34613K, capacity 35709K, committed 35840K, reserved 1081344K
  class space    used 4297K, capacity 4787K, committed 4864K, reserved 1048576K
}
Event: 4.374 GC heap before
{Heap before GC invocations=8 (full 0):
 garbage-first heap   total 129024K, used 81906K [0x0000000082e00000, 0x0000000100000000)
  region size 1024K, 71 young (72704K), 7 survivors (7168K)
 Metaspace       used 41377K, capacity 42695K, committed 42880K, reserved 1087488K
  class space    used 5145K, capacity 5698K, committed 5760K, reserved 1048576K
}
Event: 4.380 GC heap after
{Heap after GC invocations=9 (full 0):
 garbage-first heap   total 129024K, used 20153K [0x0000000082e00000, 0x0000000100000000)
  region size 1024K, 7 young (7168K), 7 survivors (7168K)
 Metaspace       used 41377K, capacity 42695K, committed 42880K, reserved 1087488K
  class space    used 5145K, capacity 5698K, committed 5760K, reserved 1048576K
}

