# JRE version: Java(TM) SE Runtime Environment 18.9 (11.0.15+8) (build 11.0.15+8-LTS-149)
# Java VM: Java HotSpot(TM) 64-Bit Server VM 18.9 (11.0.15+8-LTS-149, mixed mode, tiered, compressed oops, g1 gc, windows-amd64)
Heap:
 garbage-first heap   total 155648K, used 68706K [0x0000000082e00000, 0x0000000100000000)
  region size 1024K, 18 young (18432K), 11 survivors (11264K)
 Metaspace       used 46416K, capacity 48013K, committed 48208K, reserved 1091584K
  class space    used 5733K, capacity 6377K, committed 6400K, reserved 1048576K
GC Heap History (10 events):
Event: 1.580 GC heap before
{Heap before GC invocations=4 (full 0):
 garbage-first heap   total 129024K, used 65867K [0x0000000082e00000, 0x0000000100000000)
  region size 1024K, 59 young (60416K), 2 survivors (2048K)
 Metaspace       used 26356K, capacity 27333K, committed 27440K, reserved 1073152K
  class space    used 3208K, capacity 3609K, committed 3712K, reserved 1048576K
}
Event: 1.583 GC heap after
{Heap after GC invocations=5 (full 0):
 garbage-first heap   total 129024K, used 11253K [0x0000000082e00000, 0x0000000100000000)
  region size 1024K, 5 young (5120K), 5 survivors (5120K)
 Metaspace       used 26356K, capacity 27333K, committed 27440K, reserved 1073152K
  class space    used 3208K, capacity 3609K, committed 3712K, reserved 1048576K
}
Event: 2.222 GC heap before
{Heap before GC invocations=5 (full 0):
 garbage-first heap   total 129024K, used 76789K [0x0000000082e00000, 0x0000000100000000)
  region size 1024K, 69 young (70656K), 5 survivors (5120K)
 Metaspace       used 32375K, capacity 33467K, committed 33712K, reserved 1079296K
  class space    used 4027K, capacity 4507K, committed 4608K, reserved 1048576K
}
Event: 2.227 GC heap after
{Heap after GC invocations=6 (full 0):
 garbage-first heap   total 129024K, used 14839K [0x0000000082e00000, 0x0000000100000000)
  region size 1024K, 8 young (8192K), 8 survivors (8192K)
 Metaspace       used 32375K, capacity 33467K, committed 33712K, reserved 1079296K
  class space    used 4027K, capacity 4507K, committed 4608K, reserved 1048576K
}
Event: 2.410 GC heap before
{Heap before GC invocations=6 (full 0):
 garbage-first heap   total 129024K, used 28151K [0x0000000082e00000, 0x0000000100000000)
  region size 1024K, 22 young (22528K), 8 survivors (8192K)
 Metaspace       used 34621K, capacity 35773K, committed 35920K, reserved 1081344K
  class space    used 4293K, capacity 4787K, committed 4864K, reserved 1048576K
}
Event: 2.416 GC heap after
{Heap after GC invocations=7 (full 0):
 garbage-first heap   total 129024K, used 16865K [0x0000000082e00000, 0x0000000100000000)
  region size 1024K, 6 young (6144K), 6 survivors (6144K)
 Metaspace       used 34621K, capacity 35773K, committed 35920K, reserved 1081344K
  class space    used 4293K, capacity 4787K, committed 4864K, reserved 1048576K
}
Event: 3.244 GC heap before
{Heap before GC invocations=8 (full 0):
 garbage-first heap   total 129024K, used 81377K [0x0000000082e00000, 0x0000000100000000)
  region size 1024K, 69 young (70656K), 6 survivors (6144K)
 Metaspace       used 41092K, capacity 42395K, committed 42704K, reserved 1087488K
  class space    used 5114K, capacity 5662K, committed 5760K, reserved 1048576K
}
Event: 3.249 GC heap after
{Heap after GC invocations=9 (full 0):
 garbage-first heap   total 155648K, used 20192K [0x0000000082e00000, 0x0000000100000000)
  region size 1024K, 6 young (6144K), 6 survivors (6144K)
 Metaspace       used 41092K, capacity 42395K, committed 42704K, reserved 1087488K
  class space    used 5114K, capacity 5662K, committed 5760K, reserved 1048576K
}
Event: 3.909 GC heap before
{Heap before GC invocations=9 (full 0):
 garbage-first heap   total 155648K, used 128736K [0x0000000082e00000, 0x0000000100000000)
  region size 1024K, 83 young (84992K), 6 survivors (6144K)
 Metaspace       used 45087K, capacity 46678K, committed 46800K, reserved 1089536K
  class space    used 5602K, capacity 6232K, committed 6272K, reserved 1048576K
}
Event: 3.914 GC heap after
{Heap after GC invocations=10 (full 0):
 garbage-first heap   total 155648K, used 56418K [0x0000000082e00000, 0x0000000100000000)
  region size 1024K, 11 young (11264K), 11 survivors (11264K)
 Metaspace       used 45087K, capacity 46678K, committed 46800K, reserved 1089536K
  class space    used 5602K, capacity 6232K, committed 6272K, reserved 1048576K
}

