# JRE version: Java(TM) SE Runtime Environment 18.9 (11.0.15+8) (build 11.0.15+8-LTS-149)
# Java VM: Java HotSpot(TM) 64-Bit Server VM 18.9 (11.0.15+8-LTS-149, mixed mode, tiered, compressed oops, g1 gc, windows-amd64)
Heap:
 garbage-first heap   total 155648K, used 116140K [0x0000000082e00000, 0x0000000100000000)
  region size 1024K, 69 young (70656K), 6 survivors (6144K)
 Metaspace       used 46311K, capacity 47848K, committed 47952K, reserved 1091584K
  class space    used 5713K, capacity 6365K, committed 6400K, reserved 1048576K
GC Heap History (10 events):
Event: 0.844 GC heap before
{Heap before GC invocations=2 (full 0):
 garbage-first heap   total 129024K, used 24453K [0x0000000082e00000, 0x0000000100000000)
  region size 1024K, 19 young (19456K), 2 survivors (2048K)
 Metaspace       used 20615K, capacity 21128K, committed 21296K, reserved 1069056K
  class space    used 2376K, capacity 2609K, committed 2688K, reserved 1048576K
}
Event: 0.845 GC heap after
{Heap after GC invocations=3 (full 0):
 garbage-first heap   total 129024K, used 8630K [0x0000000082e00000, 0x0000000100000000)
  region size 1024K, 2 young (2048K), 2 survivors (2048K)
 Metaspace       used 20615K, capacity 21128K, committed 21296K, reserved 1069056K
  class space    used 2376K, capacity 2609K, committed 2688K, reserved 1048576K
}
Event: 1.247 GC heap before
{Heap before GC invocations=4 (full 0):
 garbage-first heap   total 129024K, used 68022K [0x0000000082e00000, 0x0000000100000000)
  region size 1024K, 60 young (61440K), 2 survivors (2048K)
 Metaspace       used 26185K, capacity 27117K, committed 27312K, reserved 1073152K
  class space    used 3179K, capacity 3564K, committed 3584K, reserved 1048576K
}
Event: 1.252 GC heap after
{Heap after GC invocations=5 (full 0):
 garbage-first heap   total 129024K, used 11401K [0x0000000082e00000, 0x0000000100000000)
  region size 1024K, 5 young (5120K), 5 survivors (5120K)
 Metaspace       used 26185K, capacity 27117K, committed 27312K, reserved 1073152K
  class space    used 3179K, capacity 3564K, committed 3584K, reserved 1048576K
}
Event: 2.049 GC heap before
{Heap before GC invocations=5 (full 0):
 garbage-first heap   total 129024K, used 77961K [0x0000000082e00000, 0x0000000100000000)
  region size 1024K, 70 young (71680K), 5 survivors (5120K)
 Metaspace       used 32621K, capacity 33761K, committed 33968K, reserved 1079296K
  class space    used 4060K, capacity 4541K, committed 4608K, reserved 1048576K
}
Event: 2.056 GC heap after
{Heap after GC invocations=6 (full 0):
 garbage-first heap   total 129024K, used 14933K [0x0000000082e00000, 0x0000000100000000)
  region size 1024K, 8 young (8192K), 8 survivors (8192K)
 Metaspace       used 32621K, capacity 33761K, committed 33968K, reserved 1079296K
  class space    used 4060K, capacity 4541K, committed 4608K, reserved 1048576K
}
Event: 2.314 GC heap before
{Heap before GC invocations=6 (full 0):
 garbage-first heap   total 129024K, used 25173K [0x0000000082e00000, 0x0000000100000000)
  region size 1024K, 20 young (20480K), 8 survivors (8192K)
 Metaspace       used 34620K, capacity 35773K, committed 35920K, reserved 1081344K
  class space    used 4295K, capacity 4787K, committed 4864K, reserved 1048576K
}
Event: 2.323 GC heap after
{Heap after GC invocations=7 (full 0):
 garbage-first heap   total 155648K, used 16912K [0x0000000082e00000, 0x0000000100000000)
  region size 1024K, 6 young (6144K), 6 survivors (6144K)
 Metaspace       used 34620K, capacity 35773K, committed 35920K, reserved 1081344K
  class space    used 4295K, capacity 4787K, committed 4864K, reserved 1048576K
}
Event: 3.490 GC heap before
{Heap before GC invocations=8 (full 0):
 garbage-first heap   total 155648K, used 88592K [0x0000000082e00000, 0x0000000100000000)
  region size 1024K, 76 young (77824K), 6 survivors (6144K)
 Metaspace       used 41580K, capacity 42968K, committed 43216K, reserved 1087488K
  class space    used 5183K, capacity 5744K, committed 5760K, reserved 1048576K
}
Event: 3.495 GC heap after
{Heap after GC invocations=9 (full 0):
 garbage-first heap   total 155648K, used 20908K [0x0000000082e00000, 0x0000000100000000)
  region size 1024K, 6 young (6144K), 6 survivors (6144K)
 Metaspace       used 41580K, capacity 42968K, committed 43216K, reserved 1087488K
  class space    used 5183K, capacity 5744K, committed 5760K, reserved 1048576K
}

