# JRE version: Java(TM) SE Runtime Environment 18.9 (11.0.15+8) (build 11.0.15+8-LTS-149)
# Java VM: Java HotSpot(TM) 64-Bit Server VM 18.9 (11.0.15+8-LTS-149, mixed mode, tiered, compressed oops, g1 gc, windows-amd64)
Heap:
 garbage-first heap   total 155648K, used 119447K [0x0000000082e00000, 0x0000000100000000)
  region size 1024K, 74 young (75776K), 7 survivors (7168K)
 Metaspace       used 46286K, capacity 47800K, committed 47952K, reserved 1091584K
  class space    used 5708K, capacity 6330K, committed 6400K, reserved 1048576K
GC Heap History (10 events):
Event: 1.161 GC heap before
{Heap before GC invocations=2 (full 0):
 garbage-first heap   total 129024K, used 31055K [0x0000000082e00000, 0x0000000100000000)
  region size 1024K, 26 young (26624K), 1 survivors (1024K)
 Metaspace       used 20617K, capacity 21139K, committed 21296K, reserved 1069056K
  class space    used 2370K, capacity 2614K, committed 2688K, reserved 1048576K
}
Event: 1.164 GC heap after
{Heap after GC invocations=3 (full 0):
 garbage-first heap   total 129024K, used 8738K [0x0000000082e00000, 0x0000000100000000)
  region size 1024K, 2 young (2048K), 2 survivors (2048K)
 Metaspace       used 20617K, capacity 21139K, committed 21296K, reserved 1069056K
  class space    used 2370K, capacity 2614K, committed 2688K, reserved 1048576K
}
Event: 1.477 GC heap before
{Heap before GC invocations=4 (full 0):
 garbage-first heap   total 129024K, used 50722K [0x0000000082e00000, 0x0000000100000000)
  region size 1024K, 44 young (45056K), 2 survivors (2048K)
 Metaspace       used 25127K, capacity 26019K, committed 26160K, reserved 1073152K
  class space    used 3028K, capacity 3408K, committed 3456K, reserved 1048576K
}
Event: 1.481 GC heap after
{Heap after GC invocations=5 (full 0):
 garbage-first heap   total 129024K, used 11097K [0x0000000082e00000, 0x0000000100000000)
  region size 1024K, 5 young (5120K), 5 survivors (5120K)
 Metaspace       used 25127K, capacity 26019K, committed 26160K, reserved 1073152K
  class space    used 3028K, capacity 3408K, committed 3456K, reserved 1048576K
}
Event: 1.906 GC heap before
{Heap before GC invocations=5 (full 0):
 garbage-first heap   total 129024K, used 65369K [0x0000000082e00000, 0x0000000100000000)
  region size 1024K, 58 young (59392K), 5 survivors (5120K)
 Metaspace       used 30749K, capacity 31819K, committed 31920K, reserved 1077248K
  class space    used 3813K, capacity 4255K, committed 4352K, reserved 1048576K
}
Event: 1.910 GC heap after
{Heap after GC invocations=6 (full 0):
 garbage-first heap   total 129024K, used 13801K [0x0000000082e00000, 0x0000000100000000)
  region size 1024K, 7 young (7168K), 7 survivors (7168K)
 Metaspace       used 30749K, capacity 31819K, committed 31920K, reserved 1077248K
  class space    used 3813K, capacity 4255K, committed 4352K, reserved 1048576K
}
Event: 2.622 GC heap before
{Heap before GC invocations=6 (full 0):
 garbage-first heap   total 129024K, used 51689K [0x0000000082e00000, 0x0000000100000000)
  region size 1024K, 45 young (46080K), 7 survivors (7168K)
 Metaspace       used 34608K, capacity 35773K, committed 35920K, reserved 1081344K
  class space    used 4292K, capacity 4787K, committed 4864K, reserved 1048576K
}
Event: 2.628 GC heap after
{Heap after GC invocations=7 (full 0):
 garbage-first heap   total 129024K, used 16443K [0x0000000082e00000, 0x0000000100000000)
  region size 1024K, 8 young (8192K), 8 survivors (8192K)
 Metaspace       used 34608K, capacity 35773K, committed 35920K, reserved 1081344K
  class space    used 4292K, capacity 4787K, committed 4864K, reserved 1048576K
}
Event: 3.540 GC heap before
{Heap before GC invocations=8 (full 0):
 garbage-first heap   total 129024K, used 81979K [0x0000000082e00000, 0x0000000100000000)
  region size 1024K, 72 young (73728K), 8 survivors (8192K)
 Metaspace       used 41192K, capacity 42552K, committed 42704K, reserved 1087488K
  class space    used 5123K, capacity 5694K, committed 5760K, reserved 1048576K
}
Event: 3.548 GC heap after
{Heap after GC invocations=9 (full 0):
 garbage-first heap   total 155648K, used 20119K [0x0000000082e00000, 0x0000000100000000)
  region size 1024K, 7 young (7168K), 7 survivors (7168K)
 Metaspace       used 41192K, capacity 42552K, committed 42704K, reserved 1087488K
  class space    used 5123K, capacity 5694K, committed 5760K, reserved 1048576K
}

