# JRE version: Java(TM) SE Runtime Environment 18.9 (11.0.15+8) (build 11.0.15+8-LTS-149)
# Java VM: Java HotSpot(TM) 64-Bit Server VM 18.9 (11.0.15+8-LTS-149, mixed mode, tiered, compressed oops, g1 gc, windows-amd64)
Heap:
 garbage-first heap   total 90112K, used 74944K [0x0000000082e00000, 0x0000000100000000)
  region size 1024K, 28 young (28672K), 1 survivors (1024K)
 Metaspace       used 50281K, capacity 51907K, committed 52096K, reserved 1095680K
  class space    used 6077K, capacity 6766K, committed 6784K, reserved 1048576K
GC Heap History (10 events):
Event: 518.011 GC heap before
{Heap before GC invocations=803 (full 2):
 garbage-first heap   total 75776K, used 57706K [0x0000000082e00000, 0x0000000100000000)
  region size 1024K, 37 young (37888K), 0 survivors (0K)
 Metaspace       used 50013K, capacity 51664K, committed 51840K, reserved 1093632K
  class space    used 6058K, capacity 6756K, committed 6784K, reserved 1048576K
}
Event: 518.013 GC heap after
{Heap after GC invocations=804 (full 2):
 garbage-first heap   total 75776K, used 21737K [0x0000000082e00000, 0x0000000100000000)
  region size 1024K, 2 young (2048K), 2 survivors (2048K)
 Metaspace       used 50013K, capacity 51664K, committed 51840K, reserved 1093632K
  class space    used 6058K, capacity 6756K, committed 6784K, reserved 1048576K
}
Event: 518.956 GC heap before
{Heap before GC invocations=805 (full 2):
 garbage-first heap   total 75776K, used 56553K [0x0000000082e00000, 0x0000000100000000)
  region size 1024K, 37 young (37888K), 2 survivors (2048K)
 Metaspace       used 50266K, capacity 51898K, committed 52096K, reserved 1095680K
  class space    used 6074K, capacity 6763K, committed 6784K, reserved 1048576K
}
Event: 518.958 GC heap after
{Heap after GC invocations=806 (full 2):
 garbage-first heap   total 75776K, used 22510K [0x0000000082e00000, 0x0000000100000000)
  region size 1024K, 3 young (3072K), 3 survivors (3072K)
 Metaspace       used 50266K, capacity 51898K, committed 52096K, reserved 1095680K
  class space    used 6074K, capacity 6763K, committed 6784K, reserved 1048576K
}
Event: 519.272 GC heap before
{Heap before GC invocations=806 (full 2):
 garbage-first heap   total 75776K, used 41966K [0x0000000082e00000, 0x0000000100000000)
  region size 1024K, 19 young (19456K), 3 survivors (3072K)
 Metaspace       used 50284K, capacity 51913K, committed 52096K, reserved 1095680K
  class space    used 6078K, capacity 6768K, committed 6784K, reserved 1048576K
}
Event: 519.274 GC heap after
{Heap after GC invocations=807 (full 2):
 garbage-first heap   total 75776K, used 28208K [0x0000000082e00000, 0x0000000100000000)
  region size 1024K, 3 young (3072K), 3 survivors (3072K)
 Metaspace       used 50284K, capacity 51913K, committed 52096K, reserved 1095680K
  class space    used 6078K, capacity 6768K, committed 6784K, reserved 1048576K
}
Event: 519.472 GC heap before
{Heap before GC invocations=808 (full 2):
 garbage-first heap   total 84992K, used 80432K [0x0000000082e00000, 0x0000000100000000)
  region size 1024K, 29 young (29696K), 3 survivors (3072K)
 Metaspace       used 50281K, capacity 51907K, committed 52096K, reserved 1095680K
  class space    used 6077K, capacity 6766K, committed 6784K, reserved 1048576K
}
Event: 519.474 GC heap after
{Heap after GC invocations=809 (full 2):
 garbage-first heap   total 90112K, used 41454K [0x0000000082e00000, 0x0000000100000000)
  region size 1024K, 4 young (4096K), 4 survivors (4096K)
 Metaspace       used 50281K, capacity 51907K, committed 52096K, reserved 1095680K
  class space    used 6077K, capacity 6766K, committed 6784K, reserved 1048576K
}
Event: 519.480 GC heap before
{Heap before GC invocations=809 (full 2):
 garbage-first heap   total 90112K, used 44526K [0x0000000082e00000, 0x0000000100000000)
  region size 1024K, 5 young (5120K), 4 survivors (4096K)
 Metaspace       used 50281K, capacity 51907K, committed 52096K, reserved 1095680K
  class space    used 6077K, capacity 6766K, committed 6784K, reserved 1048576K
}
Event: 519.482 GC heap after
{Heap after GC invocations=810 (full 2):
 garbage-first heap   total 90112K, used 41152K [0x0000000082e00000, 0x0000000100000000)
  region size 1024K, 1 young (1024K), 1 survivors (1024K)
 Metaspace       used 50281K, capacity 51907K, committed 52096K, reserved 1095680K
  class space    used 6077K, capacity 6766K, committed 6784K, reserved 1048576K
}

