# JRE version: Java(TM) SE Runtime Environment 18.9 (11.0.15+8) (build 11.0.15+8-LTS-149)
# Java VM: Java HotSpot(TM) 64-Bit Server VM 18.9 (11.0.15+8-LTS-149, mixed mode, tiered, compressed oops, g1 gc, windows-amd64)
Heap:
 garbage-first heap   total 134144K, used 46855K [0x0000000082e00000, 0x0000000100000000)
  region size 1024K, 20 young (20480K), 10 survivors (10240K)
 Metaspace       used 46339K, capacity 47923K, committed 48128K, reserved 1091584K
  class space    used 5731K, capacity 6368K, committed 6400K, reserved 1048576K
GC Heap History (10 events):
Event: 2.000 GC heap before
{Heap before GC invocations=2 (full 0):
 garbage-first heap   total 129024K, used 21635K [0x0000000082e00000, 0x0000000100000000)
  region size 1024K, 16 young (16384K), 2 survivors (2048K)
 Metaspace       used 20431K, capacity 21098K, committed 21248K, reserved 1067008K
  class space    used 2406K, capacity 2700K, committed 2816K, reserved 1048576K
}
Event: 2.003 GC heap after
{Heap after GC invocations=3 (full 0):
 garbage-first heap   total 129024K, used 8791K [0x0000000082e00000, 0x0000000100000000)
  region size 1024K, 2 young (2048K), 2 survivors (2048K)
 Metaspace       used 20431K, capacity 21098K, committed 21248K, reserved 1067008K
  class space    used 2406K, capacity 2700K, committed 2816K, reserved 1048576K
}
Event: 2.580 GC heap before
{Heap before GC invocations=4 (full 0):
 garbage-first heap   total 129024K, used 65111K [0x0000000082e00000, 0x0000000100000000)
  region size 1024K, 58 young (59392K), 2 survivors (2048K)
 Metaspace       used 26225K, capacity 27210K, committed 27520K, reserved 1073152K
  class space    used 3194K, capacity 3631K, committed 3712K, reserved 1048576K
}
Event: 2.583 GC heap after
{Heap after GC invocations=5 (full 0):
 garbage-first heap   total 129024K, used 11049K [0x0000000082e00000, 0x0000000100000000)
  region size 1024K, 4 young (4096K), 4 survivors (4096K)
 Metaspace       used 26225K, capacity 27210K, committed 27520K, reserved 1073152K
  class space    used 3194K, capacity 3631K, committed 3712K, reserved 1048576K
}
Event: 3.421 GC heap before
{Heap before GC invocations=5 (full 0):
 garbage-first heap   total 129024K, used 76585K [0x0000000082e00000, 0x0000000100000000)
  region size 1024K, 68 young (69632K), 4 survivors (4096K)
 Metaspace       used 32355K, capacity 33467K, committed 33792K, reserved 1079296K
  class space    used 4031K, capacity 4507K, committed 4608K, reserved 1048576K
}
Event: 3.426 GC heap after
{Heap after GC invocations=6 (full 0):
 garbage-first heap   total 129024K, used 14604K [0x0000000082e00000, 0x0000000100000000)
  region size 1024K, 8 young (8192K), 8 survivors (8192K)
 Metaspace       used 32355K, capacity 33467K, committed 33792K, reserved 1079296K
  class space    used 4031K, capacity 4507K, committed 4608K, reserved 1048576K
}
Event: 3.630 GC heap before
{Heap before GC invocations=6 (full 0):
 garbage-first heap   total 129024K, used 29964K [0x0000000082e00000, 0x0000000100000000)
  region size 1024K, 24 young (24576K), 8 survivors (8192K)
 Metaspace       used 34609K, capacity 35709K, committed 35840K, reserved 1081344K
  class space    used 4298K, capacity 4787K, committed 4864K, reserved 1048576K
}
Event: 3.639 GC heap after
{Heap after GC invocations=7 (full 0):
 garbage-first heap   total 129024K, used 16748K [0x0000000082e00000, 0x0000000100000000)
  region size 1024K, 6 young (6144K), 6 survivors (6144K)
 Metaspace       used 34609K, capacity 35709K, committed 35840K, reserved 1081344K
  class space    used 4298K, capacity 4787K, committed 4864K, reserved 1048576K
}
Event: 4.804 GC heap before
{Heap before GC invocations=8 (full 0):
 garbage-first heap   total 129024K, used 86380K [0x0000000082e00000, 0x0000000100000000)
  region size 1024K, 74 young (75776K), 6 survivors (6144K)
 Metaspace       used 41382K, capacity 42724K, committed 42880K, reserved 1087488K
  class space    used 5160K, capacity 5729K, committed 5760K, reserved 1048576K
}
Event: 4.809 GC heap after
{Heap after GC invocations=9 (full 0):
 garbage-first heap   total 129024K, used 20478K [0x0000000082e00000, 0x0000000100000000)
  region size 1024K, 6 young (6144K), 6 survivors (6144K)
 Metaspace       used 41382K, capacity 42724K, committed 42880K, reserved 1087488K
  class space    used 5160K, capacity 5729K, committed 5760K, reserved 1048576K
}

