# JRE version: Java(TM) SE Runtime Environment 18.9 (11.0.15+8) (build 11.0.15+8-LTS-149)
# Java VM: Java HotSpot(TM) 64-Bit Server VM 18.9 (11.0.15+8-LTS-149, mixed mode, tiered, compressed oops, g1 gc, windows-amd64)
Heap:
 garbage-first heap   total 136192K, used 34092K [0x0000000082e00000, 0x0000000100000000)
  region size 1024K, 5 young (5120K), 4 survivors (4096K)
 Metaspace       used 49130K, capacity 50666K, committed 50768K, reserved 1093632K
  class space    used 5976K, capacity 6600K, committed 6656K, reserved 1048576K
GC Heap History (10 events):
Event: 776.892 GC heap before
{Heap before GC invocations=154 (full 0):
 garbage-first heap   total 136192K, used 105684K [0x0000000082e00000, 0x0000000100000000)
  region size 1024K, 46 young (47104K), 1 survivors (1024K)
 Metaspace       used 49130K, capacity 50666K, committed 50768K, reserved 1093632K
  class space    used 5976K, capacity 6600K, committed 6656K, reserved 1048576K
}
Event: 776.893 GC heap after
{Heap after GC invocations=155 (full 0):
 garbage-first heap   total 136192K, used 28891K [0x0000000082e00000, 0x0000000100000000)
  region size 1024K, 1 young (1024K), 1 survivors (1024K)
 Metaspace       used 49130K, capacity 50666K, committed 50768K, reserved 1093632K
  class space    used 5976K, capacity 6600K, committed 6656K, reserved 1048576K
}
Event: 778.878 GC heap before
{Heap before GC invocations=156 (full 0):
 garbage-first heap   total 136192K, used 105691K [0x0000000082e00000, 0x0000000100000000)
  region size 1024K, 46 young (47104K), 1 survivors (1024K)
 Metaspace       used 49130K, capacity 50666K, committed 50768K, reserved 1093632K
  class space    used 5976K, capacity 6600K, committed 6656K, reserved 1048576K
}
Event: 778.879 GC heap after
{Heap after GC invocations=157 (full 0):
 garbage-first heap   total 136192K, used 28891K [0x0000000082e00000, 0x0000000100000000)
  region size 1024K, 1 young (1024K), 1 survivors (1024K)
 Metaspace       used 49130K, capacity 50666K, committed 50768K, reserved 1093632K
  class space    used 5976K, capacity 6600K, committed 6656K, reserved 1048576K
}
Event: 780.885 GC heap before
{Heap before GC invocations=158 (full 0):
 garbage-first heap   total 136192K, used 105691K [0x0000000082e00000, 0x0000000100000000)
  region size 1024K, 46 young (47104K), 1 survivors (1024K)
 Metaspace       used 49130K, capacity 50666K, committed 50768K, reserved 1093632K
  class space    used 5976K, capacity 6600K, committed 6656K, reserved 1048576K
}
Event: 780.886 GC heap after
{Heap after GC invocations=159 (full 0):
 garbage-first heap   total 136192K, used 28891K [0x0000000082e00000, 0x0000000100000000)
  region size 1024K, 1 young (1024K), 1 survivors (1024K)
 Metaspace       used 49130K, capacity 50666K, committed 50768K, reserved 1093632K
  class space    used 5976K, capacity 6600K, committed 6656K, reserved 1048576K
}
Event: 783.728 GC heap before
{Heap before GC invocations=160 (full 0):
 garbage-first heap   total 136192K, used 94427K [0x0000000082e00000, 0x0000000100000000)
  region size 1024K, 35 young (35840K), 1 survivors (1024K)
 Metaspace       used 49130K, capacity 50666K, committed 50768K, reserved 1093632K
  class space    used 5976K, capacity 6600K, committed 6656K, reserved 1048576K
}
Event: 783.729 GC heap after
{Heap after GC invocations=161 (full 0):
 garbage-first heap   total 136192K, used 40802K [0x0000000082e00000, 0x0000000100000000)
  region size 1024K, 3 young (3072K), 3 survivors (3072K)
 Metaspace       used 49130K, capacity 50666K, committed 50768K, reserved 1093632K
  class space    used 5976K, capacity 6600K, committed 6656K, reserved 1048576K
}
Event: 783.908 GC heap before
{Heap before GC invocations=162 (full 0):
 garbage-first heap   total 136192K, used 108386K [0x0000000082e00000, 0x0000000100000000)
  region size 1024K, 48 young (49152K), 3 survivors (3072K)
 Metaspace       used 49130K, capacity 50666K, committed 50768K, reserved 1093632K
  class space    used 5976K, capacity 6600K, committed 6656K, reserved 1048576K
}
Event: 783.909 GC heap after
{Heap after GC invocations=163 (full 0):
 garbage-first heap   total 136192K, used 33068K [0x0000000082e00000, 0x0000000100000000)
  region size 1024K, 4 young (4096K), 4 survivors (4096K)
 Metaspace       used 49130K, capacity 50666K, committed 50768K, reserved 1093632K
  class space    used 5976K, capacity 6600K, committed 6656K, reserved 1048576K
}

