# JRE version: Java(TM) SE Runtime Environment 18.9 (11.0.15+8) (build 11.0.15+8-LTS-149)
# Java VM: Java HotSpot(TM) 64-Bit Server VM 18.9 (11.0.15+8-LTS-149, mixed mode, tiered, compressed oops, g1 gc, windows-amd64)
Heap:
 garbage-first heap   total 129024K, used 89451K [0x0000000082e00000, 0x0000000100000000)
  region size 1024K, 61 young (62464K), 5 survivors (5120K)
 Metaspace       used 46424K, capacity 47984K, committed 48252K, reserved 1091584K
  class space    used 5731K, capacity 6342K, committed 6400K, reserved 1048576K
GC Heap History (10 events):
Event: 1.831 GC heap before
{Heap before GC invocations=2 (full 0):
 garbage-first heap   total 129024K, used 22476K [0x0000000082e00000, 0x0000000100000000)
  region size 1024K, 17 young (17408K), 2 survivors (2048K)
 Metaspace       used 20494K, capacity 21183K, committed 21296K, reserved 1069056K
  class space    used 2401K, capacity 2664K, committed 2688K, reserved 1048576K
}
Event: 1.835 GC heap after
{Heap after GC invocations=3 (full 0):
 garbage-first heap   total 129024K, used 8946K [0x0000000082e00000, 0x0000000100000000)
  region size 1024K, 3 young (3072K), 3 survivors (3072K)
 Metaspace       used 20494K, capacity 21183K, committed 21296K, reserved 1069056K
  class space    used 2401K, capacity 2664K, committed 2688K, reserved 1048576K
}
Event: 2.462 GC heap before
{Heap before GC invocations=4 (full 0):
 garbage-first heap   total 129024K, used 67314K [0x0000000082e00000, 0x0000000100000000)
  region size 1024K, 60 young (61440K), 3 survivors (3072K)
 Metaspace       used 26310K, capacity 27228K, committed 27440K, reserved 1073152K
  class space    used 3203K, capacity 3639K, committed 3712K, reserved 1048576K
}
Event: 2.465 GC heap after
{Heap after GC invocations=5 (full 0):
 garbage-first heap   total 129024K, used 11331K [0x0000000082e00000, 0x0000000100000000)
  region size 1024K, 5 young (5120K), 5 survivors (5120K)
 Metaspace       used 26310K, capacity 27228K, committed 27440K, reserved 1073152K
  class space    used 3203K, capacity 3639K, committed 3712K, reserved 1048576K
}
Event: 3.622 GC heap before
{Heap before GC invocations=5 (full 0):
 garbage-first heap   total 129024K, used 83011K [0x0000000082e00000, 0x0000000100000000)
  region size 1024K, 75 young (76800K), 5 survivors (5120K)
 Metaspace       used 33086K, capacity 34223K, committed 34352K, reserved 1079296K
  class space    used 4128K, capacity 4611K, committed 4736K, reserved 1048576K
}
Event: 3.631 GC heap after
{Heap after GC invocations=6 (full 0):
 garbage-first heap   total 129024K, used 15036K [0x0000000082e00000, 0x0000000100000000)
  region size 1024K, 8 young (8192K), 8 survivors (8192K)
 Metaspace       used 33086K, capacity 34223K, committed 34352K, reserved 1079296K
  class space    used 4128K, capacity 4611K, committed 4736K, reserved 1048576K
}
Event: 3.900 GC heap before
{Heap before GC invocations=6 (full 0):
 garbage-first heap   total 129024K, used 22204K [0x0000000082e00000, 0x0000000100000000)
  region size 1024K, 16 young (16384K), 8 survivors (8192K)
 Metaspace       used 34440K, capacity 35549K, committed 35708K, reserved 1081344K
  class space    used 4279K, capacity 4755K, committed 4864K, reserved 1048576K
}
Event: 3.912 GC heap after
{Heap after GC invocations=7 (full 0):
 garbage-first heap   total 129024K, used 15969K [0x0000000082e00000, 0x0000000100000000)
  region size 1024K, 5 young (5120K), 5 survivors (5120K)
 Metaspace       used 34440K, capacity 35549K, committed 35708K, reserved 1081344K
  class space    used 4279K, capacity 4755K, committed 4864K, reserved 1048576K
}
Event: 4.912 GC heap before
{Heap before GC invocations=8 (full 0):
 garbage-first heap   total 129024K, used 74337K [0x0000000082e00000, 0x0000000100000000)
  region size 1024K, 62 young (63488K), 5 survivors (5120K)
 Metaspace       used 40286K, capacity 41576K, committed 41852K, reserved 1085440K
  class space    used 5002K, capacity 5538K, committed 5632K, reserved 1048576K
}
Event: 4.918 GC heap after
{Heap after GC invocations=9 (full 0):
 garbage-first heap   total 129024K, used 19819K [0x0000000082e00000, 0x0000000100000000)
  region size 1024K, 5 young (5120K), 5 survivors (5120K)
 Metaspace       used 40286K, capacity 41576K, committed 41852K, reserved 1085440K
  class space    used 5002K, capacity 5538K, committed 5632K, reserved 1048576K
}

