# JRE version: Java(TM) SE Runtime Environment 18.9 (11.0.15+8) (build 11.0.15+8-LTS-149)
# Java VM: Java HotSpot(TM) 64-Bit Server VM 18.9 (11.0.15+8-LTS-149, mixed mode, tiered, compressed oops, g1 gc, windows-amd64)
Heap:
 garbage-first heap   total 137216K, used 73728K [0x0000000082e00000, 0x0000000100000000)
  region size 1024K, 21 young (21504K), 10 survivors (10240K)
 Metaspace       used 46298K, capacity 47841K, committed 48128K, reserved 1091584K
  class space    used 5712K, capacity 6363K, committed 6400K, reserved 1048576K
GC Heap History (10 events):
Event: 3.857 GC heap before
{Heap before GC invocations=4 (full 0):
 garbage-first heap   total 129024K, used 66226K [0x0000000082e00000, 0x0000000100000000)
  region size 1024K, 59 young (60416K), 2 survivors (2048K)
 Metaspace       used 26336K, capacity 27365K, committed 27520K, reserved 1073152K
  class space    used 3202K, capacity 3641K, committed 3712K, reserved 1048576K
}
Event: 3.859 GC heap after
{Heap after GC invocations=5 (full 0):
 garbage-first heap   total 129024K, used 11113K [0x0000000082e00000, 0x0000000100000000)
  region size 1024K, 4 young (4096K), 4 survivors (4096K)
 Metaspace       used 26336K, capacity 27365K, committed 27520K, reserved 1073152K
  class space    used 3202K, capacity 3641K, committed 3712K, reserved 1048576K
}
Event: 4.913 GC heap before
{Heap before GC invocations=5 (full 0):
 garbage-first heap   total 129024K, used 76649K [0x0000000082e00000, 0x0000000100000000)
  region size 1024K, 68 young (69632K), 4 survivors (4096K)
 Metaspace       used 32359K, capacity 33467K, committed 33792K, reserved 1079296K
  class space    used 4023K, capacity 4507K, committed 4608K, reserved 1048576K
}
Event: 4.919 GC heap after
{Heap after GC invocations=6 (full 0):
 garbage-first heap   total 129024K, used 14758K [0x0000000082e00000, 0x0000000100000000)
  region size 1024K, 8 young (8192K), 8 survivors (8192K)
 Metaspace       used 32359K, capacity 33467K, committed 33792K, reserved 1079296K
  class space    used 4023K, capacity 4507K, committed 4608K, reserved 1048576K
}
Event: 5.276 GC heap before
{Heap before GC invocations=6 (full 0):
 garbage-first heap   total 129024K, used 27046K [0x0000000082e00000, 0x0000000100000000)
  region size 1024K, 21 young (21504K), 8 survivors (8192K)
 Metaspace       used 34590K, capacity 35709K, committed 35840K, reserved 1081344K
  class space    used 4289K, capacity 4787K, committed 4864K, reserved 1048576K
}
Event: 5.283 GC heap after
{Heap after GC invocations=7 (full 0):
 garbage-first heap   total 129024K, used 16258K [0x0000000082e00000, 0x0000000100000000)
  region size 1024K, 6 young (6144K), 6 survivors (6144K)
 Metaspace       used 34590K, capacity 35709K, committed 35840K, reserved 1081344K
  class space    used 4289K, capacity 4787K, committed 4864K, reserved 1048576K
}
Event: 6.251 GC heap before
{Heap before GC invocations=8 (full 0):
 garbage-first heap   total 129024K, used 82818K [0x0000000082e00000, 0x0000000100000000)
  region size 1024K, 71 young (72704K), 6 survivors (6144K)
 Metaspace       used 41337K, capacity 42680K, committed 42880K, reserved 1087488K
  class space    used 5140K, capacity 5694K, committed 5760K, reserved 1048576K
}
Event: 6.257 GC heap after
{Heap after GC invocations=9 (full 0):
 garbage-first heap   total 129024K, used 20536K [0x0000000082e00000, 0x0000000100000000)
  region size 1024K, 6 young (6144K), 6 survivors (6144K)
 Metaspace       used 41337K, capacity 42680K, committed 42880K, reserved 1087488K
  class space    used 5140K, capacity 5694K, committed 5760K, reserved 1048576K
}
Event: 7.109 GC heap before
{Heap before GC invocations=9 (full 0):
 garbage-first heap   total 129024K, used 122936K [0x0000000082e00000, 0x0000000100000000)
  region size 1024K, 74 young (75776K), 6 survivors (6144K)
 Metaspace       used 46285K, capacity 47841K, committed 48128K, reserved 1091584K
  class space    used 5708K, capacity 6363K, committed 6400K, reserved 1048576K
}
Event: 7.116 GC heap after
{Heap after GC invocations=10 (full 0):
 garbage-first heap   total 137216K, used 56320K [0x0000000082e00000, 0x0000000100000000)
  region size 1024K, 10 young (10240K), 10 survivors (10240K)
 Metaspace       used 46285K, capacity 47841K, committed 48128K, reserved 1091584K
  class space    used 5708K, capacity 6363K, committed 6400K, reserved 1048576K
}

