# JRE version: Java(TM) SE Runtime Environment 18.9 (11.0.15+8) (build 11.0.15+8-LTS-149)
# Java VM: Java HotSpot(TM) 64-Bit Server VM 18.9 (11.0.15+8-LTS-149, mixed mode, tiered, compressed oops, g1 gc, windows-amd64)
Heap:
 garbage-first heap   total 155648K, used 115525K [0x0000000082e00000, 0x0000000100000000)
  region size 1024K, 74 young (75776K), 7 survivors (7168K)
 Metaspace       used 46290K, capacity 47815K, committed 47952K, reserved 1091584K
  class space    used 5708K, capacity 6333K, committed 6400K, reserved 1048576K
GC Heap History (10 events):
Event: 0.859 GC heap before
{Heap before GC invocations=2 (full 0):
 garbage-first heap   total 129024K, used 27367K [0x0000000082e00000, 0x0000000100000000)
  region size 1024K, 21 young (21504K), 1 survivors (1024K)
 Metaspace       used 20613K, capacity 21128K, committed 21296K, reserved 1069056K
  class space    used 2376K, capacity 2609K, committed 2688K, reserved 1048576K
}
Event: 0.861 GC heap after
{Heap after GC invocations=3 (full 0):
 garbage-first heap   total 129024K, used 8581K [0x0000000082e00000, 0x0000000100000000)
  region size 1024K, 2 young (2048K), 2 survivors (2048K)
 Metaspace       used 20613K, capacity 21128K, committed 21296K, reserved 1069056K
  class space    used 2376K, capacity 2609K, committed 2688K, reserved 1048576K
}
Event: 1.227 GC heap before
{Heap before GC invocations=4 (full 0):
 garbage-first heap   total 129024K, used 57733K [0x0000000082e00000, 0x0000000100000000)
  region size 1024K, 50 young (51200K), 2 survivors (2048K)
 Metaspace       used 24937K, capacity 25771K, committed 26032K, reserved 1073152K
  class space    used 2991K, capacity 3306K, committed 3328K, reserved 1048576K
}
Event: 1.229 GC heap after
{Heap after GC invocations=5 (full 0):
 garbage-first heap   total 129024K, used 10751K [0x0000000082e00000, 0x0000000100000000)
  region size 1024K, 4 young (4096K), 4 survivors (4096K)
 Metaspace       used 24937K, capacity 25771K, committed 26032K, reserved 1073152K
  class space    used 2991K, capacity 3306K, committed 3328K, reserved 1048576K
}
Event: 1.593 GC heap before
{Heap before GC invocations=5 (full 0):
 garbage-first heap   total 129024K, used 70143K [0x0000000082e00000, 0x0000000100000000)
  region size 1024K, 62 young (63488K), 4 survivors (4096K)
 Metaspace       used 31397K, capacity 32482K, committed 32688K, reserved 1077248K
  class space    used 3873K, capacity 4327K, committed 4352K, reserved 1048576K
}
Event: 1.597 GC heap after
{Heap after GC invocations=6 (full 0):
 garbage-first heap   total 129024K, used 14304K [0x0000000082e00000, 0x0000000100000000)
  region size 1024K, 8 young (8192K), 8 survivors (8192K)
 Metaspace       used 31397K, capacity 32482K, committed 32688K, reserved 1077248K
  class space    used 3873K, capacity 4327K, committed 4352K, reserved 1048576K
}
Event: 2.034 GC heap before
{Heap before GC invocations=6 (full 0):
 garbage-first heap   total 129024K, used 41952K [0x0000000082e00000, 0x0000000100000000)
  region size 1024K, 36 young (36864K), 8 survivors (8192K)
 Metaspace       used 34602K, capacity 35773K, committed 35920K, reserved 1081344K
  class space    used 4292K, capacity 4787K, committed 4864K, reserved 1048576K
}
Event: 2.041 GC heap after
{Heap after GC invocations=7 (full 0):
 garbage-first heap   total 129024K, used 16734K [0x0000000082e00000, 0x0000000100000000)
  region size 1024K, 7 young (7168K), 7 survivors (7168K)
 Metaspace       used 34602K, capacity 35773K, committed 35920K, reserved 1081344K
  class space    used 4292K, capacity 4787K, committed 4864K, reserved 1048576K
}
Event: 2.861 GC heap before
{Heap before GC invocations=8 (full 0):
 garbage-first heap   total 129024K, used 83294K [0x0000000082e00000, 0x0000000100000000)
  region size 1024K, 72 young (73728K), 7 survivors (7168K)
 Metaspace       used 41375K, capacity 42699K, committed 42960K, reserved 1087488K
  class space    used 5147K, capacity 5699K, committed 5760K, reserved 1048576K
}
Event: 2.866 GC heap after
{Heap after GC invocations=9 (full 0):
 garbage-first heap   total 155648K, used 20293K [0x0000000082e00000, 0x0000000100000000)
  region size 1024K, 7 young (7168K), 7 survivors (7168K)
 Metaspace       used 41375K, capacity 42699K, committed 42960K, reserved 1087488K
  class space    used 5147K, capacity 5699K, committed 5760K, reserved 1048576K
}

