# JRE version: Java(TM) SE Runtime Environment 18.9 (11.0.15+8) (build 11.0.15+8-LTS-149)
# Java VM: Java HotSpot(TM) 64-Bit Server VM 18.9 (11.0.15+8-LTS-149, mixed mode, tiered, compressed oops, g1 gc, windows-amd64)
Heap:
 garbage-first heap   total 129024K, used 98165K [0x0000000082e00000, 0x0000000100000000)
  region size 1024K, 60 young (61440K), 6 survivors (6144K)
 Metaspace       used 46284K, capacity 47825K, committed 48080K, reserved 1091584K
  class space    used 5709K, capacity 6356K, committed 6400K, reserved 1048576K
GC Heap History (10 events):
Event: 2.637 GC heap before
{Heap before GC invocations=2 (full 0):
 garbage-first heap   total 129024K, used 23660K [0x0000000082e00000, 0x0000000100000000)
  region size 1024K, 18 young (18432K), 2 survivors (2048K)
 Metaspace       used 20497K, capacity 21183K, committed 21296K, reserved 1069056K
  class space    used 2402K, capacity 2664K, committed 2688K, reserved 1048576K
}
Event: 2.639 GC heap after
{Heap after GC invocations=3 (full 0):
 garbage-first heap   total 129024K, used 8810K [0x0000000082e00000, 0x0000000100000000)
  region size 1024K, 2 young (2048K), 2 survivors (2048K)
 Metaspace       used 20497K, capacity 21183K, committed 21296K, reserved 1069056K
  class space    used 2402K, capacity 2664K, committed 2688K, reserved 1048576K
}
Event: 3.451 GC heap before
{Heap before GC invocations=4 (full 0):
 garbage-first heap   total 129024K, used 67178K [0x0000000082e00000, 0x0000000100000000)
  region size 1024K, 60 young (61440K), 2 survivors (2048K)
 Metaspace       used 26372K, capacity 27365K, committed 27520K, reserved 1073152K
  class space    used 3214K, capacity 3641K, committed 3712K, reserved 1048576K
}
Event: 3.454 GC heap after
{Heap after GC invocations=5 (full 0):
 garbage-first heap   total 129024K, used 11169K [0x0000000082e00000, 0x0000000100000000)
  region size 1024K, 4 young (4096K), 4 survivors (4096K)
 Metaspace       used 26372K, capacity 27365K, committed 27520K, reserved 1073152K
  class space    used 3214K, capacity 3641K, committed 3712K, reserved 1048576K
}
Event: 4.424 GC heap before
{Heap before GC invocations=5 (full 0):
 garbage-first heap   total 129024K, used 77729K [0x0000000082e00000, 0x0000000100000000)
  region size 1024K, 69 young (70656K), 4 survivors (4096K)
 Metaspace       used 32428K, capacity 33569K, committed 33792K, reserved 1079296K
  class space    used 4040K, capacity 4541K, committed 4608K, reserved 1048576K
}
Event: 4.430 GC heap after
{Heap after GC invocations=6 (full 0):
 garbage-first heap   total 129024K, used 14737K [0x0000000082e00000, 0x0000000100000000)
  region size 1024K, 8 young (8192K), 8 survivors (8192K)
 Metaspace       used 32428K, capacity 33569K, committed 33792K, reserved 1079296K
  class space    used 4040K, capacity 4541K, committed 4608K, reserved 1048576K
}
Event: 4.887 GC heap before
{Heap before GC invocations=6 (full 0):
 garbage-first heap   total 129024K, used 28049K [0x0000000082e00000, 0x0000000100000000)
  region size 1024K, 22 young (22528K), 8 survivors (8192K)
 Metaspace       used 34799K, capacity 35965K, committed 36048K, reserved 1081344K
  class space    used 4326K, capacity 4851K, committed 4864K, reserved 1048576K
}
Event: 4.897 GC heap after
{Heap after GC invocations=7 (full 0):
 garbage-first heap   total 129024K, used 16938K [0x0000000082e00000, 0x0000000100000000)
  region size 1024K, 6 young (6144K), 6 survivors (6144K)
 Metaspace       used 34799K, capacity 35965K, committed 36048K, reserved 1081344K
  class space    used 4326K, capacity 4851K, committed 4864K, reserved 1048576K
}
Event: 5.647 GC heap before
{Heap before GC invocations=8 (full 0):
 garbage-first heap   total 129024K, used 83498K [0x0000000082e00000, 0x0000000100000000)
  region size 1024K, 72 young (73728K), 6 survivors (6144K)
 Metaspace       used 41389K, capacity 42763K, committed 42832K, reserved 1087488K
  class space    used 5150K, capacity 5699K, committed 5760K, reserved 1048576K
}
Event: 5.652 GC heap after
{Heap after GC invocations=9 (full 0):
 garbage-first heap   total 129024K, used 20341K [0x0000000082e00000, 0x0000000100000000)
  region size 1024K, 6 young (6144K), 6 survivors (6144K)
 Metaspace       used 41389K, capacity 42763K, committed 42832K, reserved 1087488K
  class space    used 5150K, capacity 5699K, committed 5760K, reserved 1048576K
}

